{"C:\\Users\\alexa\\Desktop\\Epicodus\\9-4-friday-project\\src\\js\\businesslogic.js": {"path":"C:\\Users\\alexa\\Desktop\\Epicodus\\9-4-friday-project\\src\\js\\businesslogic.js","statementMap":{"0":{"start":{"line":3,"column":4},"end":{"line":3,"column":29}},"1":{"start":{"line":4,"column":4},"end":{"line":4,"column":19}},"2":{"start":{"line":5,"column":4},"end":{"line":5,"column":28}}},"fnMap":{"0":{"name":"(anonymous_0)","decl":{"start":{"line":2,"column":2},"end":{"line":2,"column":3}},"loc":{"start":{"line":2,"column":27},"end":{"line":6,"column":3}},"line":2}},"branchMap":{},"s":{"0":0,"1":0,"2":0},"f":{"0":0},"b":{},"_coverageSchema":"43e27e138ebf9cfc5966b082cf9a028302ed4184","hash":"02d8ffab8d3b54d97632d35ace4bb1630438a64d"}
}
