{"C:\\Users\\alexa\\Desktop\\Epicodus\\9-4-friday-project\\src\\js\\businesslogic.js": {"path":"C:\\Users\\alexa\\Desktop\\Epicodus\\9-4-friday-project\\src\\js\\businesslogic.js","statementMap":{"0":{"start":{"line":3,"column":4},"end":{"line":3,"column":22}},"1":{"start":{"line":4,"column":4},"end":{"line":4,"column":22}},"2":{"start":{"line":5,"column":4},"end":{"line":5,"column":22}},"3":{"start":{"line":6,"column":4},"end":{"line":6,"column":28}},"4":{"start":{"line":7,"column":4},"end":{"line":7,"column":28}},"5":{"start":{"line":11,"column":19},"end":{"line":11,"column":21}},"6":{"start":{"line":12,"column":29},"end":{"line":12,"column":74}},"7":{"start":{"line":13,"column":4},"end":{"line":13,"column":38}},"8":{"start":{"line":14,"column":4},"end":{"line":14,"column":36}},"9":{"start":{"line":15,"column":27},"end":{"line":15,"column":72}},"10":{"start":{"line":16,"column":4},"end":{"line":16,"column":36}},"11":{"start":{"line":17,"column":26},"end":{"line":17,"column":71}},"12":{"start":{"line":18,"column":4},"end":{"line":18,"column":35}},"13":{"start":{"line":19,"column":29},"end":{"line":19,"column":75}},"14":{"start":{"line":20,"column":4},"end":{"line":20,"column":38}},"15":{"start":{"line":22,"column":4},"end":{"line":22,"column":20}},"16":{"start":{"line":26,"column":25},"end":{"line":26,"column":26}},"17":{"start":{"line":27,"column":4},"end":{"line":33,"column":5}},"18":{"start":{"line":28,"column":6},"end":{"line":28,"column":27}},"19":{"start":{"line":29,"column":11},"end":{"line":33,"column":5}},"20":{"start":{"line":30,"column":6},"end":{"line":30,"column":27}},"21":{"start":{"line":31,"column":11},"end":{"line":33,"column":5}},"22":{"start":{"line":32,"column":6},"end":{"line":32,"column":27}},"23":{"start":{"line":34,"column":4},"end":{"line":34,"column":26}}},"fnMap":{"0":{"name":"(anonymous_0)","decl":{"start":{"line":2,"column":2},"end":{"line":2,"column":3}},"loc":{"start":{"line":2,"column":14},"end":{"line":8,"column":3}},"line":2},"1":{"name":"(anonymous_1)","decl":{"start":{"line":10,"column":2},"end":{"line":10,"column":3}},"loc":{"start":{"line":10,"column":21},"end":{"line":23,"column":3}},"line":10},"2":{"name":"(anonymous_2)","decl":{"start":{"line":25,"column":2},"end":{"line":25,"column":3}},"loc":{"start":{"line":25,"column":22},"end":{"line":35,"column":3}},"line":25}},"branchMap":{"0":{"loc":{"start":{"line":27,"column":4},"end":{"line":33,"column":5}},"type":"if","locations":[{"start":{"line":27,"column":4},"end":{"line":33,"column":5}},{"start":{"line":27,"column":4},"end":{"line":33,"column":5}}],"line":27},"1":{"loc":{"start":{"line":29,"column":11},"end":{"line":33,"column":5}},"type":"if","locations":[{"start":{"line":29,"column":11},"end":{"line":33,"column":5}},{"start":{"line":29,"column":11},"end":{"line":33,"column":5}}],"line":29},"2":{"loc":{"start":{"line":31,"column":11},"end":{"line":33,"column":5}},"type":"if","locations":[{"start":{"line":31,"column":11},"end":{"line":33,"column":5}},{"start":{"line":31,"column":11},"end":{"line":33,"column":5}}],"line":31}},"s":{"0":0,"1":0,"2":0,"3":0,"4":0,"5":1,"6":1,"7":1,"8":1,"9":1,"10":1,"11":1,"12":1,"13":1,"14":1,"15":1,"16":4,"17":4,"18":1,"19":3,"20":2,"21":1,"22":1,"23":4},"f":{"0":0,"1":1,"2":4},"b":{"0":[1,3],"1":[2,1],"2":[1,0]},"_coverageSchema":"43e27e138ebf9cfc5966b082cf9a028302ed4184","hash":"74747f4447909edf2ffd2b50ad37424d4ee4b562"}
}
