TN:
SF:C:\Users\alexa\Desktop\Epicodus\9-4-friday-project\src\js\businesslogic.js
FN:2,(anonymous_0)
FN:11,(anonymous_1)
FN:26,(anonymous_2)
FN:41,(anonymous_3)
FN:45,(anonymous_4)
FNF:5
FNH:4
FNDA:0,(anonymous_0)
FNDA:2,(anonymous_1)
FNDA:5,(anonymous_2)
FNDA:1,(anonymous_3)
FNDA:1,(anonymous_4)
DA:3,0
DA:4,0
DA:5,0
DA:6,0
DA:7,0
DA:8,0
DA:12,2
DA:13,2
DA:14,2
DA:15,2
DA:16,2
DA:17,2
DA:18,2
DA:19,2
DA:20,2
DA:21,2
DA:23,2
DA:27,5
DA:28,5
DA:29,1
DA:30,1
DA:31,4
DA:32,3
DA:33,3
DA:34,1
DA:35,1
DA:36,1
DA:38,5
DA:42,1
DA:46,1
DA:47,1
DA:53,1
LF:32
LH:26
BRDA:28,0,0,1
BRDA:28,0,1,4
BRDA:31,1,0,3
BRDA:31,1,1,1
BRDA:34,2,0,1
BRDA:34,2,1,0
BRF:6
BRH:5
end_of_record
