TN:
SF:/home/ajmarkow/Desktop/9-4-friday-project/src/js/businesslogic.js
FN:2,(anonymous_0)
FN:12,(anonymous_1)
FN:26,(anonymous_2)
FN:41,(anonymous_3)
FN:45,(anonymous_4)
FN:49,(anonymous_5)
FN:53,(anonymous_6)
FNF:7
FNH:7
FNDA:14,(anonymous_0)
FNDA:3,(anonymous_1)
FNDA:6,(anonymous_2)
FNDA:1,(anonymous_3)
FNDA:4,(anonymous_4)
FNDA:1,(anonymous_5)
FNDA:2,(anonymous_6)
DA:3,14
DA:4,14
DA:5,14
DA:6,14
DA:7,14
DA:8,14
DA:9,14
DA:13,3
DA:14,3
DA:15,3
DA:16,3
DA:17,3
DA:18,3
DA:19,3
DA:20,3
DA:21,3
DA:23,3
DA:27,6
DA:28,6
DA:29,1
DA:30,1
DA:31,5
DA:32,4
DA:33,4
DA:34,1
DA:35,1
DA:36,1
DA:38,6
DA:42,1
DA:43,1
DA:44,1
DA:45,4
DA:46,1
DA:50,1
DA:54,2
DA:55,2
DA:61,2
LF:37
LH:37
BRDA:28,0,0,1
BRDA:28,0,1,5
BRDA:31,1,0,4
BRDA:31,1,1,1
BRDA:34,2,0,1
BRDA:34,2,1,0
BRF:6
BRH:5
end_of_record
